<?xml version="1.0" encoding="UTF-8"?>
<testng-results ignored="0" total="1" passed="1" failed="0" skipped="0">
  <reporter-output>
  </reporter-output>
  <suite started-at="2022-03-18T17:07:27 CST" name="Default suite" finished-at="2022-03-18T17:08:27 CST" duration-ms="59550">
    <groups>
      <group name="cucumber">
        <method signature="AbstractTestNGCucumberTests.runScenario(io.cucumber.testng.PickleWrapper,io.cucumber.testng.FeatureWrapper)[pri:0, instance:testRunners.ExcericiseRunner@36916eb0]" name="runScenario" class="io.cucumber.testng.AbstractTestNGCucumberTests"/>
      </group> <!-- cucumber -->
    </groups>
    <test started-at="2022-03-18T17:07:27 CST" name="Default test" finished-at="2022-03-18T17:08:27 CST" duration-ms="59550">
      <class name="testRunners.ExcericiseRunner">
        <test-method is-config="true" signature="setUpClass(org.testng.ITestContext)[pri:0, instance:testRunners.ExcericiseRunner@36916eb0]" started-at="2022-03-18T17:07:27 CST" name="setUpClass" finished-at="2022-03-18T17:07:28 CST" duration-ms="378" status="PASS">
          <params>
            <param index="0">
              <value>
                <![CDATA[org.testng.TestRunner@3811510]]>
              </value>
            </param>
          </params>
          <reporter-output>
          </reporter-output>
        </test-method> <!-- setUpClass -->
        <test-method signature="runScenario(io.cucumber.testng.PickleWrapper,io.cucumber.testng.FeatureWrapper)[pri:0, instance:testRunners.ExcericiseRunner@36916eb0]" started-at="2022-03-18T17:07:28 CST" name="runScenario" description="Runs Cucumber Scenarios" data-provider="scenarios" finished-at="2022-03-18T17:08:27 CST" duration-ms="59106" status="PASS">
          <params>
            <param index="0">
              <value>
                <![CDATA["Verify functions of Practice Page"]]>
              </value>
            </param>
            <param index="1">
              <value>
                <![CDATA["Optional[Excersice Page]"]]>
              </value>
            </param>
          </params>
          <reporter-output>
          </reporter-output>
        </test-method> <!-- runScenario -->
        <test-method is-config="true" signature="tearDownClass()[pri:0, instance:testRunners.ExcericiseRunner@36916eb0]" started-at="2022-03-18T17:08:27 CST" name="tearDownClass" finished-at="2022-03-18T17:08:27 CST" duration-ms="11" status="PASS">
          <reporter-output>
          </reporter-output>
        </test-method> <!-- tearDownClass -->
      </class> <!-- testRunners.ExcericiseRunner -->
    </test> <!-- Default test -->
  </suite> <!-- Default suite -->
</testng-results>
